# JRE version: OpenJDK Runtime Environment (8.0_152-b06) (build 1.8.0_152-release-1136-b06)
# Java VM: OpenJDK 64-Bit Server VM (25.152-b06 mixed mode windows-amd64 compressed oops)
Heap:
 PSYoungGen      total 136192K, used 9119K [0x00000000eab00000, 0x00000000f6900000, 0x0000000100000000)
  eden space 117760K, 7% used [0x00000000eab00000,0x00000000eb3e7d20,0x00000000f1e00000)
  from space 18432K, 0% used [0x00000000f1e00000,0x00000000f1e00000,0x00000000f3000000)
  to   space 17920K, 0% used [0x00000000f5780000,0x00000000f5780000,0x00000000f6900000)
 ParOldGen       total 147456K, used 32796K [0x00000000c0000000, 0x00000000c9000000, 0x00000000eab00000)
  object space 147456K, 22% used [0x00000000c0000000,0x00000000c20072d8,0x00000000c9000000)
 Metaspace       used 57246K, capacity 59166K, committed 59264K, reserved 1099776K
  class space    used 7729K, capacity 8233K, committed 8320K, reserved 1048576K
GC Heap History (10 events):
Event: 15.762 GC heap before
{Heap before GC invocations=12 (full 2):
 PSYoungGen      total 87040K, used 75776K [0x00000000eab00000, 0x00000000f2800000, 0x0000000100000000)
  eden space 75776K, 100% used [0x00000000eab00000,0x00000000ef500000,0x00000000ef500000)
  from space 11264K, 0% used [0x00000000ef500000,0x00000000ef500000,0x00000000f0000000)
  to   space 13312K, 0% used [0x00000000f1b00000,0x00000000f1b00000,0x00000000f2800000)
 ParOldGen       total 101376K, used 18798K [0x00000000c0000000, 0x00000000c6300000, 0x00000000eab00000)
  object space 101376K, 18% used [0x00000000c0000000,0x00000000c125baa8,0x00000000c6300000)
 Metaspace       used 42063K, capacity 42950K, committed 43136K, reserved 1087488K
  class space    used 5674K, capacity 6014K, committed 6016K, reserved 1048576K
Event: 15.785 GC heap after
Heap after GC invocations=12 (full 2):
 PSYoungGen      total 103424K, used 7839K [0x00000000eab00000, 0x00000000f2300000, 0x0000000100000000)
  eden space 95232K, 0% used [0x00000000eab00000,0x00000000eab00000,0x00000000f0800000)
  from space 8192K, 95% used [0x00000000f1b00000,0x00000000f22a7cd0,0x00000000f2300000)
  to   space 12800K, 0% used [0x00000000f0a00000,0x00000000f0a00000,0x00000000f1680000)
 ParOldGen       total 101376K, used 18806K [0x00000000c0000000, 0x00000000c6300000, 0x00000000eab00000)
  object space 101376K, 18% used [0x00000000c0000000,0x00000000c125daa8,0x00000000c6300000)
 Metaspace       used 42063K, capacity 42950K, committed 43136K, reserved 1087488K
  class space    used 5674K, capacity 6014K, committed 6016K, reserved 1048576K
}
Event: 18.690 GC heap before
{Heap before GC invocations=13 (full 2):
 PSYoungGen      total 103424K, used 103071K [0x00000000eab00000, 0x00000000f2300000, 0x0000000100000000)
  eden space 95232K, 100% used [0x00000000eab00000,0x00000000f0800000,0x00000000f0800000)
  from space 8192K, 95% used [0x00000000f1b00000,0x00000000f22a7cd0,0x00000000f2300000)
  to   space 12800K, 0% used [0x00000000f0a00000,0x00000000f0a00000,0x00000000f1680000)
 ParOldGen       total 101376K, used 18806K [0x00000000c0000000, 0x00000000c6300000, 0x00000000eab00000)
  object space 101376K, 18% used [0x00000000c0000000,0x00000000c125daa8,0x00000000c6300000)
 Metaspace       used 50934K, capacity 52144K, committed 52352K, reserved 1093632K
  class space    used 6821K, capacity 7214K, committed 7296K, reserved 1048576K
Event: 18.729 GC heap after
Heap after GC invocations=13 (full 2):
 PSYoungGen      total 110080K, used 12768K [0x00000000eab00000, 0x00000000f3f80000, 0x0000000100000000)
  eden space 97280K, 0% used [0x00000000eab00000,0x00000000eab00000,0x00000000f0a00000)
  from space 12800K, 99% used [0x00000000f0a00000,0x00000000f1678348,0x00000000f1680000)
  to   space 15872K, 0% used [0x00000000f3000000,0x00000000f3000000,0x00000000f3f80000)
 ParOldGen       total 101376K, used 22514K [0x00000000c0000000, 0x00000000c6300000, 0x00000000eab00000)
  object space 101376K, 22% used [0x00000000c0000000,0x00000000c15fcb88,0x00000000c6300000)
 Metaspace       used 50934K, capacity 52144K, committed 52352K, reserved 1093632K
  class space    used 6821K, capacity 7214K, committed 7296K, reserved 1048576K
}
Event: 20.418 GC heap before
{Heap before GC invocations=14 (full 2):
 PSYoungGen      total 110080K, used 110048K [0x00000000eab00000, 0x00000000f3f80000, 0x0000000100000000)
  eden space 97280K, 100% used [0x00000000eab00000,0x00000000f0a00000,0x00000000f0a00000)
  from space 12800K, 99% used [0x00000000f0a00000,0x00000000f1678348,0x00000000f1680000)
  to   space 15872K, 0% used [0x00000000f3000000,0x00000000f3000000,0x00000000f3f80000)
 ParOldGen       total 101376K, used 22514K [0x00000000c0000000, 0x00000000c6300000, 0x00000000eab00000)
  object space 101376K, 22% used [0x00000000c0000000,0x00000000c15fcb88,0x00000000c6300000)
 Metaspace       used 53667K, capacity 55154K, committed 55296K, reserved 1097728K
  class space    used 7139K, capacity 7603K, committed 7680K, reserved 1048576K
Event: 20.452 GC heap after
Heap after GC invocations=14 (full 2):
 PSYoungGen      total 133632K, used 15850K [0x00000000eab00000, 0x00000000f4880000, 0x0000000100000000)
  eden space 117760K, 0% used [0x00000000eab00000,0x00000000eab00000,0x00000000f1e00000)
  from space 15872K, 99% used [0x00000000f3000000,0x00000000f3f7a980,0x00000000f3f80000)
  to   space 18432K, 0% used [0x00000000f1e00000,0x00000000f1e00000,0x00000000f3000000)
 ParOldGen       total 101376K, used 23734K [0x00000000c0000000, 0x00000000c6300000, 0x00000000eab00000)
  object space 101376K, 23% used [0x00000000c0000000,0x00000000c172db28,0x00000000c6300000)
 Metaspace       used 53667K, capacity 55154K, committed 55296K, reserved 1097728K
  class space    used 7139K, capacity 7603K, committed 7680K, reserved 1048576K
}
Event: 21.680 GC heap before
{Heap before GC invocations=15 (full 2):
 PSYoungGen      total 133632K, used 61573K [0x00000000eab00000, 0x00000000f4880000, 0x0000000100000000)
  eden space 117760K, 38% used [0x00000000eab00000,0x00000000ed7a6bf8,0x00000000f1e00000)
  from space 15872K, 99% used [0x00000000f3000000,0x00000000f3f7a980,0x00000000f3f80000)
  to   space 18432K, 0% used [0x00000000f1e00000,0x00000000f1e00000,0x00000000f3000000)
 ParOldGen       total 101376K, used 23734K [0x00000000c0000000, 0x00000000c6300000, 0x00000000eab00000)
  object space 101376K, 23% used [0x00000000c0000000,0x00000000c172db28,0x00000000c6300000)
 Metaspace       used 56994K, capacity 58878K, committed 59008K, reserved 1099776K
  class space    used 7682K, capacity 8201K, committed 8320K, reserved 1048576K
Event: 21.739 GC heap after
Heap after GC invocations=15 (full 2):
 PSYoungGen      total 136192K, used 6229K [0x00000000eab00000, 0x00000000f6900000, 0x0000000100000000)
  eden space 117760K, 0% used [0x00000000eab00000,0x00000000eab00000,0x00000000f1e00000)
  from space 18432K, 33% used [0x00000000f1e00000,0x00000000f2415448,0x00000000f3000000)
  to   space 17920K, 0% used [0x00000000f5780000,0x00000000f5780000,0x00000000f6900000)
 ParOldGen       total 101376K, used 34893K [0x00000000c0000000, 0x00000000c6300000, 0x00000000eab00000)
  object space 101376K, 34% used [0x00000000c0000000,0x00000000c2213558,0x00000000c6300000)
 Metaspace       used 56994K, capacity 58878K, committed 59008K, reserved 1099776K
  class space    used 7682K, capacity 8201K, committed 8320K, reserved 1048576K
}
Event: 21.739 GC heap before
{Heap before GC invocations=16 (full 3):
 PSYoungGen      total 136192K, used 6229K [0x00000000eab00000, 0x00000000f6900000, 0x0000000100000000)
  eden space 117760K, 0% used [0x00000000eab00000,0x00000000eab00000,0x00000000f1e00000)
  from space 18432K, 33% used [0x00000000f1e00000,0x00000000f2415448,0x00000000f3000000)
  to   space 17920K, 0% used [0x00000000f5780000,0x00000000f5780000,0x00000000f6900000)
 ParOldGen       total 101376K, used 34893K [0x00000000c0000000, 0x00000000c6300000, 0x00000000eab00000)
  object space 101376K, 34% used [0x00000000c0000000,0x00000000c2213558,0x00000000c6300000)
 Metaspace       used 56994K, capacity 58878K, committed 59008K, reserved 1099776K
  class space    used 7682K, capacity 8201K, committed 8320K, reserved 1048576K
Event: 22.311 GC heap after
Heap after GC invocations=16 (full 3):
 PSYoungGen      total 136192K, used 0K [0x00000000eab00000, 0x00000000f6900000, 0x0000000100000000)
  eden space 117760K, 0% used [0x00000000eab00000,0x00000000eab00000,0x00000000f1e00000)
  from space 18432K, 0% used [0x00000000f1e00000,0x00000000f1e00000,0x00000000f3000000)
  to   space 17920K, 0% used [0x00000000f5780000,0x00000000f5780000,0x00000000f6900000)
 ParOldGen       total 147456K, used 32796K [0x00000000c0000000, 0x00000000c9000000, 0x00000000eab00000)
  object space 147456K, 22% used [0x00000000c0000000,0x00000000c20072d8,0x00000000c9000000)
 Metaspace       used 56994K, capacity 58878K, committed 59008K, reserved 1099776K
  class space    used 7682K, capacity 8201K, committed 8320K, reserved 1048576K
}

