# JRE version: OpenJDK Runtime Environment (8.0_152-b06) (build 1.8.0_152-release-1136-b06)
# Java VM: OpenJDK 64-Bit Server VM (25.152-b06 mixed mode windows-amd64 compressed oops)
Heap:
 PSYoungGen      total 206336K, used 89850K [0x00000000eab00000, 0x00000000f8180000, 0x0000000100000000)
  eden space 195072K, 46% used [0x00000000eab00000,0x00000000f02bea40,0x00000000f6980000)
  from space 11264K, 0% used [0x00000000f7680000,0x00000000f7680000,0x00000000f8180000)
  to   space 12288K, 0% used [0x00000000f6980000,0x00000000f6980000,0x00000000f7580000)
 ParOldGen       total 62976K, used 17363K [0x00000000c0000000, 0x00000000c3d80000, 0x00000000eab00000)
  object space 62976K, 27% used [0x00000000c0000000,0x00000000c10f4e38,0x00000000c3d80000)
 Metaspace       used 38876K, capacity 39660K, committed 39808K, reserved 1083392K
  class space    used 4996K, capacity 5176K, committed 5248K, reserved 1048576K
GC Heap History (10 events):
Event: 14.121 GC heap before
{Heap before GC invocations=8 (full 1):
 PSYoungGen      total 75264K, used 69195K [0x00000000eab00000, 0x00000000f0000000, 0x0000000100000000)
  eden space 65536K, 100% used [0x00000000eab00000,0x00000000eeb00000,0x00000000eeb00000)
  from space 9728K, 37% used [0x00000000ef680000,0x00000000efa12d38,0x00000000f0000000)
  to   space 10752K, 0% used [0x00000000eeb00000,0x00000000eeb00000,0x00000000ef580000)
 ParOldGen       total 48640K, used 8614K [0x00000000c0000000, 0x00000000c2f80000, 0x00000000eab00000)
  object space 48640K, 17% used [0x00000000c0000000,0x00000000c0869930,0x00000000c2f80000)
 Metaspace       used 25372K, capacity 25756K, committed 25984K, reserved 1071104K
  class space    used 3284K, capacity 3388K, committed 3456K, reserved 1048576K
Event: 14.139 GC heap after
Heap after GC invocations=8 (full 1):
 PSYoungGen      total 76288K, used 3990K [0x00000000eab00000, 0x00000000f3b80000, 0x0000000100000000)
  eden space 65536K, 0% used [0x00000000eab00000,0x00000000eab00000,0x00000000eeb00000)
  from space 10752K, 37% used [0x00000000eeb00000,0x00000000eeee5810,0x00000000ef580000)
  to   space 10240K, 0% used [0x00000000f3180000,0x00000000f3180000,0x00000000f3b80000)
 ParOldGen       total 48640K, used 8614K [0x00000000c0000000, 0x00000000c2f80000, 0x00000000eab00000)
  object space 48640K, 17% used [0x00000000c0000000,0x00000000c0869930,0x00000000c2f80000)
 Metaspace       used 25372K, capacity 25756K, committed 25984K, reserved 1071104K
  class space    used 3284K, capacity 3388K, committed 3456K, reserved 1048576K
}
Event: 16.212 GC heap before
{Heap before GC invocations=9 (full 1):
 PSYoungGen      total 76288K, used 69526K [0x00000000eab00000, 0x00000000f3b80000, 0x0000000100000000)
  eden space 65536K, 100% used [0x00000000eab00000,0x00000000eeb00000,0x00000000eeb00000)
  from space 10752K, 37% used [0x00000000eeb00000,0x00000000eeee5810,0x00000000ef580000)
  to   space 10240K, 0% used [0x00000000f3180000,0x00000000f3180000,0x00000000f3b80000)
 ParOldGen       total 48640K, used 8614K [0x00000000c0000000, 0x00000000c2f80000, 0x00000000eab00000)
  object space 48640K, 17% used [0x00000000c0000000,0x00000000c0869930,0x00000000c2f80000)
 Metaspace       used 27178K, capacity 27858K, committed 28032K, reserved 1073152K
  class space    used 3445K, capacity 3681K, committed 3712K, reserved 1048576K
Event: 16.226 GC heap after
Heap after GC invocations=9 (full 1):
 PSYoungGen      total 135680K, used 4401K [0x00000000eab00000, 0x00000000f3a80000, 0x0000000100000000)
  eden space 126464K, 0% used [0x00000000eab00000,0x00000000eab00000,0x00000000f2680000)
  from space 9216K, 47% used [0x00000000f3180000,0x00000000f35cc698,0x00000000f3a80000)
  to   space 10240K, 0% used [0x00000000f2680000,0x00000000f2680000,0x00000000f3080000)
 ParOldGen       total 48640K, used 8622K [0x00000000c0000000, 0x00000000c2f80000, 0x00000000eab00000)
  object space 48640K, 17% used [0x00000000c0000000,0x00000000c086b930,0x00000000c2f80000)
 Metaspace       used 27178K, capacity 27858K, committed 28032K, reserved 1073152K
  class space    used 3445K, capacity 3681K, committed 3712K, reserved 1048576K
}
Event: 21.839 GC heap before
{Heap before GC invocations=10 (full 1):
 PSYoungGen      total 135680K, used 130865K [0x00000000eab00000, 0x00000000f3a80000, 0x0000000100000000)
  eden space 126464K, 100% used [0x00000000eab00000,0x00000000f2680000,0x00000000f2680000)
  from space 9216K, 47% used [0x00000000f3180000,0x00000000f35cc698,0x00000000f3a80000)
  to   space 10240K, 0% used [0x00000000f2680000,0x00000000f2680000,0x00000000f3080000)
 ParOldGen       total 48640K, used 8622K [0x00000000c0000000, 0x00000000c2f80000, 0x00000000eab00000)
  object space 48640K, 17% used [0x00000000c0000000,0x00000000c086b930,0x00000000c2f80000)
 Metaspace       used 32181K, capacity 33130K, committed 33408K, reserved 1079296K
  class space    used 4132K, capacity 4394K, committed 4480K, reserved 1048576K
Event: 21.874 GC heap after
Heap after GC invocations=10 (full 1):
 PSYoungGen      total 136704K, used 10238K [0x00000000eab00000, 0x00000000f8280000, 0x0000000100000000)
  eden space 126464K, 0% used [0x00000000eab00000,0x00000000eab00000,0x00000000f2680000)
  from space 10240K, 99% used [0x00000000f2680000,0x00000000f307f8f8,0x00000000f3080000)
  to   space 12288K, 0% used [0x00000000f7680000,0x00000000f7680000,0x00000000f8280000)
 ParOldGen       total 48640K, used 10536K [0x00000000c0000000, 0x00000000c2f80000, 0x00000000eab00000)
  object space 48640K, 21% used [0x00000000c0000000,0x00000000c0a4a068,0x00000000c2f80000)
 Metaspace       used 32181K, capacity 33130K, committed 33408K, reserved 1079296K
  class space    used 4132K, capacity 4394K, committed 4480K, reserved 1048576K
}
Event: 22.954 GC heap before
{Heap before GC invocations=11 (full 1):
 PSYoungGen      total 136704K, used 37095K [0x00000000eab00000, 0x00000000f8280000, 0x0000000100000000)
  eden space 126464K, 21% used [0x00000000eab00000,0x00000000ec53a530,0x00000000f2680000)
  from space 10240K, 99% used [0x00000000f2680000,0x00000000f307f8f8,0x00000000f3080000)
  to   space 12288K, 0% used [0x00000000f7680000,0x00000000f7680000,0x00000000f8280000)
 ParOldGen       total 48640K, used 10536K [0x00000000c0000000, 0x00000000c2f80000, 0x00000000eab00000)
  object space 48640K, 21% used [0x00000000c0000000,0x00000000c0a4a068,0x00000000c2f80000)
 Metaspace       used 34556K, capacity 35402K, committed 35456K, reserved 1079296K
  class space    used 4439K, capacity 4682K, committed 4736K, reserved 1048576K
Event: 22.988 GC heap after
Heap after GC invocations=11 (full 1):
 PSYoungGen      total 206336K, used 8048K [0x00000000eab00000, 0x00000000f8180000, 0x0000000100000000)
  eden space 195072K, 0% used [0x00000000eab00000,0x00000000eab00000,0x00000000f6980000)
  from space 11264K, 71% used [0x00000000f7680000,0x00000000f7e5c1b0,0x00000000f8180000)
  to   space 12288K, 0% used [0x00000000f6980000,0x00000000f6980000,0x00000000f7580000)
 ParOldGen       total 48640K, used 12545K [0x00000000c0000000, 0x00000000c2f80000, 0x00000000eab00000)
  object space 48640K, 25% used [0x00000000c0000000,0x00000000c0c404c8,0x00000000c2f80000)
 Metaspace       used 34556K, capacity 35402K, committed 35456K, reserved 1079296K
  class space    used 4439K, capacity 4682K, committed 4736K, reserved 1048576K
}
Event: 22.988 GC heap before
{Heap before GC invocations=12 (full 2):
 PSYoungGen      total 206336K, used 8048K [0x00000000eab00000, 0x00000000f8180000, 0x0000000100000000)
  eden space 195072K, 0% used [0x00000000eab00000,0x00000000eab00000,0x00000000f6980000)
  from space 11264K, 71% used [0x00000000f7680000,0x00000000f7e5c1b0,0x00000000f8180000)
  to   space 12288K, 0% used [0x00000000f6980000,0x00000000f6980000,0x00000000f7580000)
 ParOldGen       total 48640K, used 12545K [0x00000000c0000000, 0x00000000c2f80000, 0x00000000eab00000)
  object space 48640K, 25% used [0x00000000c0000000,0x00000000c0c404c8,0x00000000c2f80000)
 Metaspace       used 34556K, capacity 35402K, committed 35456K, reserved 1079296K
  class space    used 4439K, capacity 4682K, committed 4736K, reserved 1048576K
Event: 23.190 GC heap after
Heap after GC invocations=12 (full 2):
 PSYoungGen      total 206336K, used 0K [0x00000000eab00000, 0x00000000f8180000, 0x0000000100000000)
  eden space 195072K, 0% used [0x00000000eab00000,0x00000000eab00000,0x00000000f6980000)
  from space 11264K, 0% used [0x00000000f7680000,0x00000000f7680000,0x00000000f8180000)
  to   space 12288K, 0% used [0x00000000f6980000,0x00000000f6980000,0x00000000f7580000)
 ParOldGen       total 62976K, used 17363K [0x00000000c0000000, 0x00000000c3d80000, 0x00000000eab00000)
  object space 62976K, 27% used [0x00000000c0000000,0x00000000c10f4e38,0x00000000c3d80000)
 Metaspace       used 34447K, capacity 35140K, committed 35456K, reserved 1079296K
  class space    used 4407K, capacity 4616K, committed 4736K, reserved 1048576K
}

